-------------------------------------------------------------------------------
Test set: com.aut.demo.tigoBrowser.specs.CU_001_Login_Page
-------------------------------------------------------------------------------
Tests run: 1, Failures: 0, Errors: 1, Skipped: 0, Time elapsed: 18.432 s <<< FAILURE! - in com.aut.demo.tigoBrowser.specs.CU_001_Login_Page
inPage  Time elapsed: 18.28 s  <<< ERROR!
java.lang.NullPointerException
	at com.aut.demo.tigoBrowser.specs.CU_001_Login_Page.inPage(CU_001_Login_Page.java:17)

