<?xml version="1.0" encoding="UTF-8"?>
<testsuite xmlns:xsi="http://www.w3.org/2001/XMLSchema-instance" xsi:noNamespaceSchemaLocation="https://maven.apache.org/surefire/maven-surefire-plugin/xsd/surefire-test-report.xsd" name="com.aut.demo.tigoShop.specs.All_Tests" time="137.49" tests="4" errors="4" skipped="0" failures="0">
  <properties>
[...]
</properties>
  <testcase name="showBalances01" classname="com.aut.demo.tigoShop.specs.All_Tests" time="0.327">
    <error message="com/aut/demo/util/DriverFactory" type="java.lang.NoClassDefFoundError"><![CDATA[java.lang.NoClassDefFoundError: com/aut/demo/util/DriverFactory
	at com.aut.demo.tigoShop.specs.All_Tests.<init>(All_Tests.java:26)
Caused by: java.lang.ClassNotFoundException: com.aut.demo.util.DriverFactory
	at com.aut.demo.tigoShop.specs.All_Tests.<init>(All_Tests.java:26)
]]></error>
    <system-out><![CDATA[[INFO] Scanning for projects...
[INFO] 
[INFO] --------------------< com.aut.demo:DemoAutoMobile >---------------------
[INFO] Building DemoAutoMobile 1.0-SNAPSHOT
[INFO] --------------------------------[ jar ]---------------------------------
[INFO] 
[INFO] --- maven-clean-plugin:2.5:clean (default-clean) @ DemoAutoMobile ---
[INFO] Deleting C:\Users\HTC\Desktop\GitKrakenRepositories\DemoAutoMobile\DemoAutoMobile\target
[INFO] 
[INFO] --- maven-resources-plugin:2.6:resources (default-resources) @ DemoAutoMobile ---
[INFO] Using 'UTF-8' encoding to copy filtered resources.
[INFO] Copying 0 resource
[INFO] 
[INFO] --- maven-compiler-plugin:3.6.1:compile (default-compile) @ DemoAutoMobile ---
[INFO] Changes detected - recompiling the module!
[INFO] Compiling 28 source files to C:\Users\HTC\Desktop\GitKrakenRepositories\DemoAutoMobile\DemoAutoMobile\target\classes
[INFO] /C:/Users/HTC/Desktop/GitKrakenRepositories/DemoAutoMobile/DemoAutoMobile/src/main/java/com/aut/demo/util/DriverFactory.java: C:\Users\HTC\Desktop\GitKrakenRepositories\DemoAutoMobile\DemoAutoMobile\src\main\java\com\aut\demo\util\DriverFactory.java uses unchecked or unsafe operations.
[INFO] /C:/Users/HTC/Desktop/GitKrakenRepositories/DemoAutoMobile/DemoAutoMobile/src/main/java/com/aut/demo/util/DriverFactory.java: Recompile with -Xlint:unchecked for details.
[INFO] 
[INFO] --- maven-resources-plugin:2.6:testResources (default-testResources) @ DemoAutoMobile ---
[INFO] Using 'UTF-8' encoding to copy filtered resources.
[INFO] Copying 2 resources
[INFO] 
[INFO] --- maven-compiler-plugin:3.6.1:testCompile (default-testCompile) @ DemoAutoMobile ---
[INFO] Changes detected - recompiling the module!
[INFO] Compiling 11 source files to C:\Users\HTC\Desktop\GitKrakenRepositories\DemoAutoMobile\DemoAutoMobile\target\test-classes
[INFO] 
[INFO] --- maven-surefire-plugin:2.22.1:test (default-test) @ DemoAutoMobile ---
[INFO] 
[INFO] -------------------------------------------------------
[INFO]  T E S T S
[INFO] -------------------------------------------------------
[INFO] Running com.aut.demo.tigoShop.specs.All_Tests
[INFO] Scanning for projects...
[INFO] 
[INFO] --------------------< com.aut.demo:DemoAutoMobile >---------------------
[INFO] Building DemoAutoMobile 1.0-SNAPSHOT
[INFO] --------------------------------[ jar ]---------------------------------
[INFO] 
[INFO] --- maven-clean-plugin:2.5:clean (default-clean) @ DemoAutoMobile ---
[INFO] Deleting C:\Users\HTC\Desktop\GitKrakenRepositories\DemoAutoMobile\DemoAutoMobile\target
[INFO] ------------------------------------------------------------------------
[INFO] BUILD FAILURE
[INFO] ------------------------------------------------------------------------
[INFO] Total time:  4.588 s
[INFO] Finished at: 2019-07-29T16:57:28-06:00
[INFO] ------------------------------------------------------------------------
[ERROR] Failed to execute goal org.apache.maven.plugins:maven-clean-plugin:2.5:clean (default-clean) on project DemoAutoMobile: Failed to clean project: Failed to delete C:\Users\HTC\Desktop\GitKrakenRepositories\DemoAutoMobile\DemoAutoMobile\target\classes\com\aut -> [Help 1]
[ERROR] 
[ERROR] To see the full stack trace of the errors, re-run Maven with the -e switch.
[ERROR] Re-run Maven using the -X switch to enable full debug logging.
[ERROR] 
[ERROR] For more information about the errors and possible solutions, please read the following articles:
[ERROR] [Help 1] http://cwiki.apache.org/confluence/display/MAVEN/MojoExecutionException
Done creating XML File
[INFO] Scanning for projects...
[INFO] 
[INFO] --------------------< com.aut.demo:DemoAutoMobile >---------------------
[INFO] Building DemoAutoMobile 1.0-SNAPSHOT
[INFO] --------------------------------[ jar ]---------------------------------
[INFO] 
[INFO] --- allure-maven:2.10.0:report (default-cli) @ DemoAutoMobile ---
[INFO] Allure installation directory C:\Users\HTC\Desktop\GitKrakenRepositories\DemoAutoMobile\DemoAutoMobile/.allure
[INFO] Try to finding out allure 2.12.1
[INFO] Generate Allure report (report) with version 2.12.1
[INFO] Generate Allure report to C:\Users\HTC\Desktop\GitKrakenRepositories\DemoAutoMobile\DemoAutoMobile/allure-report
[INFO] Found results directory C:\Users\HTC\Desktop\GitKrakenRepositories\DemoAutoMobile\DemoAutoMobile\target\allure-results
[INFO] Can't find information about categories.
[INFO] Generate report to C:\Users\HTC\Desktop\GitKrakenRepositories\DemoAutoMobile\DemoAutoMobile\allure-report
Report successfully generated to C:\Users\HTC\Desktop\GitKrakenRepositories\DemoAutoMobile\DemoAutoMobile\allure-report
[INFO] Report generated successfully.
[INFO] ------------------------------------------------------------------------
[INFO] BUILD SUCCESS
[INFO] ------------------------------------------------------------------------
[INFO] Total time:  01:11 min
[INFO] Finished at: 2019-07-29T16:58:46-06:00
[INFO] ------------------------------------------------------------------------
[ERROR] Tests run: 4, Failures: 0, Errors: 4, Skipped: 0, Time elapsed: 87.357 s <<< FAILURE! - in com.aut.demo.tigoShop.specs.All_Tests
[ERROR] showBalances01  Time elapsed: 0.4 s  <<< ERROR!
java.lang.NoClassDefFoundError: com/aut/demo/util/DriverFactory
	at com.aut.demo.tigoShop.specs.All_Tests.<init>(All_Tests.java:26)
Caused by: java.lang.ClassNotFoundException: com.aut.demo.util.DriverFactory
	at com.aut.demo.tigoShop.specs.All_Tests.<init>(All_Tests.java:26)

[ERROR] showBalances02  Time elapsed: 0.089 s  <<< ERROR!
java.lang.NoClassDefFoundError: com/aut/demo/util/DriverFactory
	at com.aut.demo.tigoShop.specs.All_Tests.<init>(All_Tests.java:26)

[ERROR] showInformationPerfil01  Time elapsed: 0.084 s  <<< ERROR!
java.lang.NoClassDefFoundError: com/aut/demo/util/DriverFactory
	at com.aut.demo.tigoShop.specs.All_Tests.<init>(All_Tests.java:26)

[ERROR] showShoppingOffers01  Time elapsed: 0.056 s  <<< ERROR!
java.lang.NoClassDefFoundError: com/aut/demo/util/DriverFactory
	at com.aut.demo.tigoShop.specs.All_Tests.<init>(All_Tests.java:26)

[INFO] 
[INFO] Results:
[INFO] 
[ERROR] Errors: 
[ERROR]   All_Tests.<init>:26 » NoClassDefFound com/aut/demo/util/DriverFactory
[ERROR]   All_Tests.<init>:26 » NoClassDefFound com/aut/demo/util/DriverFactory
[ERROR]   All_Tests.<init>:26 » NoClassDefFound com/aut/demo/util/DriverFactory
[ERROR]   All_Tests.<init>:26 » NoClassDefFound com/aut/demo/util/DriverFactory
[INFO] 
[ERROR] Tests run: 4, Failures: 0, Errors: 4, Skipped: 0
[INFO] 
[INFO] ------------------------------------------------------------------------
[INFO] BUILD FAILURE
[INFO] ------------------------------------------------------------------------
[INFO] Total time:  01:53 min
[INFO] Finished at: 2019-07-29T16:58:47-06:00
[INFO] ------------------------------------------------------------------------
[ERROR] Failed to execute goal org.apache.maven.plugins:maven-surefire-plugin:2.22.1:test (default-test) on project DemoAutoMobile: There are test failures.
[ERROR] 
[ERROR] Please refer to C:\Users\HTC\Desktop\GitKrakenRepositories\DemoAutoMobile\DemoAutoMobile\target\surefire-reports for the individual test results.
[ERROR] Please refer to dump files (if any exist) [date].dump, [date]-jvmRun[N].dump and [date].dumpstream.
[ERROR] -> [Help 1]
[ERROR] 
[ERROR] To see the full stack trace of the errors, re-run Maven with the -e switch.
[ERROR] Re-run Maven using the -X switch to enable full debug logging.
[ERROR] 
[ERROR] For more information about the errors and possible solutions, please read the following articles:
[ERROR] [Help 1] http://cwiki.apache.org/confluence/display/MAVEN/MojoFailureException
]]></system-out>
  </testcase>
  <testcase name="showBalances02" classname="com.aut.demo.tigoShop.specs.All_Tests" time="0.148">
    <error message="com/aut/demo/util/DriverFactory" type="java.lang.NoClassDefFoundError"><![CDATA[java.lang.NoClassDefFoundError: com/aut/demo/util/DriverFactory
	at com.aut.demo.tigoShop.specs.All_Tests.<init>(All_Tests.java:26)
]]></error>
  </testcase>
  <testcase name="showInformationPerfil01" classname="com.aut.demo.tigoShop.specs.All_Tests" time="0.023">
    <error message="com/aut/demo/util/DriverFactory" type="java.lang.NoClassDefFoundError"><![CDATA[java.lang.NoClassDefFoundError: com/aut/demo/util/DriverFactory
	at com.aut.demo.tigoShop.specs.All_Tests.<init>(All_Tests.java:26)
]]></error>
  </testcase>
  <testcase name="showShoppingOffers01" classname="com.aut.demo.tigoShop.specs.All_Tests" time="0.053">
    <error message="com/aut/demo/util/DriverFactory" type="java.lang.NoClassDefFoundError"><![CDATA[java.lang.NoClassDefFoundError: com/aut/demo/util/DriverFactory
	at com.aut.demo.tigoShop.specs.All_Tests.<init>(All_Tests.java:26)
]]></error>
  </testcase>
</testsuite>