<?xml version="1.0" encoding="UTF-8"?>
<testsuite xmlns:xsi="http://www.w3.org/2001/XMLSchema-instance" xsi:noNamespaceSchemaLocation="https://maven.apache.org/surefire/maven-surefire-plugin/xsd/surefire-test-report.xsd" name="com.aut.demo.tigoShop.specs.CU_003_Show_Shopping_Offers" time="107.701" tests="1" errors="0" skipped="0" failures="0">
  <properties>
[...]
</properties>
  <testcase name="showShoppingOffers01" classname="com.aut.demo.tigoShop.specs.CU_003_Show_Shopping_Offers" time="107.414"/>
</testsuite>