<?xml version="1.0" encoding="UTF-8"?>
<testsuite xmlns:xsi="http://www.w3.org/2001/XMLSchema-instance" xsi:noNamespaceSchemaLocation="https://maven.apache.org/surefire/maven-surefire-plugin/xsd/surefire-test-report.xsd" name="com.aut.demo.tigoBrowser.specs.CU_003_Pay_Bill" time="197.582" tests="1" errors="1" skipped="0" failures="0">
  <properties>
[...]
</properties>
  <testcase name="payBills01" classname="com.aut.demo.tigoBrowser.specs.CU_003_Pay_Bill" time="170.823">
    <error message="no such element: Unable to locate element: {&quot;method&quot;:&quot;css selector&quot;,&quot;selector&quot;:&quot;#block-block-3 &gt; div &gt; div &gt; div.mobile-btn-wrapper&quot;}&#10;  (Session info: chrome=69.0.3497.100)&#10;  (Driver info: chromedriver=2.44.609538 (b655c5a60b0b544917107a59d4153d4bf78e1b90),platform=Windows NT 10.0.10240 x86_64)&#10;For documentation on this error, please visit: https://www.seleniumhq.org/exceptions/no_such_element.html&#10;Build info: version: &apos;4.0.0-alpha-1&apos;, revision: &apos;d1d3728cae&apos;, time: &apos;2019-04-24T13:42:21&apos;&#10;System info: host: &apos;DESKTOP-K4LOO3N&apos;, ip: &apos;192.168.81.1&apos;, os.name: &apos;Windows 10&apos;, os.arch: &apos;amd64&apos;, os.version: &apos;10.0&apos;, java.version: &apos;1.8.0_211&apos;&#10;Driver info: io.appium.java_client.android.AndroidDriver&#10;Capabilities {appActivity: com.google.android.apps.chr..., appPackage: com.android.chrome, automationName: UiAutomator2, browserName: Chrome, chromedriverExecutable: C:\Users\HTC\Desktop\GitKra..., databaseEnabled: false, desired: {automationName: UiAutomator2, browserName: Chrome, chromedriverExecutable: C:\Users\HTC\Desktop\GitKra..., deviceName: pixel, platformName: android, platformVersion: 7.1.1}, deviceApiLevel: 25, deviceManufacturer: Google, deviceModel: Android SDK built for x86, deviceName: emulator-5554, deviceScreenDensity: 420, deviceScreenSize: 1080x1920, deviceUDID: emulator-5554, javascriptEnabled: true, locationContextEnabled: false, networkConnectionEnabled: true, pixelRatio: 2.625, platform: LINUX, platformName: Android, platformVersion: 7.1.1, statBarHeight: 63, takesScreenshot: true, viewportRect: {height: 1731, left: 0, top: 63, width: 1080}, warnings: {}, webStorageEnabled: false}&#10;Session ID: 5120d754-50e1-44d5-be8e-15b6da40f769&#10;*** Element info: {Using=css selector, value=#block-block-3 &gt; div &gt; div &gt; div.mobile-btn-wrapper}" type="org.openqa.selenium.NoSuchElementException">org.openqa.selenium.NoSuchElementException: 
no such element: Unable to locate element: {"method":"css selector","selector":"#block-block-3 > div > div > div.mobile-btn-wrapper"}
  (Session info: chrome=69.0.3497.100)
  (Driver info: chromedriver=2.44.609538 (b655c5a60b0b544917107a59d4153d4bf78e1b90),platform=Windows NT 10.0.10240 x86_64)
For documentation on this error, please visit: https://www.seleniumhq.org/exceptions/no_such_element.html
Build info: version: '4.0.0-alpha-1', revision: 'd1d3728cae', time: '2019-04-24T13:42:21'
System info: host: 'DESKTOP-K4LOO3N', ip: '192.168.81.1', os.name: 'Windows 10', os.arch: 'amd64', os.version: '10.0', java.version: '1.8.0_211'
Driver info: io.appium.java_client.android.AndroidDriver
Capabilities {appActivity: com.google.android.apps.chr..., appPackage: com.android.chrome, automationName: UiAutomator2, browserName: Chrome, chromedriverExecutable: C:\Users\HTC\Desktop\GitKra..., databaseEnabled: false, desired: {automationName: UiAutomator2, browserName: Chrome, chromedriverExecutable: C:\Users\HTC\Desktop\GitKra..., deviceName: pixel, platformName: android, platformVersion: 7.1.1}, deviceApiLevel: 25, deviceManufacturer: Google, deviceModel: Android SDK built for x86, deviceName: emulator-5554, deviceScreenDensity: 420, deviceScreenSize: 1080x1920, deviceUDID: emulator-5554, javascriptEnabled: true, locationContextEnabled: false, networkConnectionEnabled: true, pixelRatio: 2.625, platform: LINUX, platformName: Android, platformVersion: 7.1.1, statBarHeight: 63, takesScreenshot: true, viewportRect: {height: 1731, left: 0, top: 63, width: 1080}, warnings: {}, webStorageEnabled: false}
Session ID: 5120d754-50e1-44d5-be8e-15b6da40f769
*** Element info: {Using=css selector, value=#block-block-3 > div > div > div.mobile-btn-wrapper}
	at com.aut.demo.tigoBrowser.specs.CU_003_Pay_Bill.payBills01(CU_003_Pay_Bill.java:41)
</error>
    <system-out><![CDATA[[INFO] Scanning for projects...
[INFO] 
[INFO] --------------------< com.aut.demo:DemoAutoMobile >---------------------
[INFO] Building DemoAutoMobile 1.0-SNAPSHOT
[INFO] --------------------------------[ jar ]---------------------------------
[INFO] 
[INFO] --- maven-clean-plugin:2.5:clean (default-clean) @ DemoAutoMobile ---
[INFO] Deleting C:\Users\HTC\Desktop\GitKraken\DemoAutoMobile\DemoAutoMobile\target
[INFO] 
[INFO] --- maven-resources-plugin:2.6:resources (default-resources) @ DemoAutoMobile ---
[INFO] Using 'UTF-8' encoding to copy filtered resources.
[INFO] Copying 0 resource
[INFO] 
[INFO] --- maven-compiler-plugin:3.6.1:compile (default-compile) @ DemoAutoMobile ---
[INFO] Changes detected - recompiling the module!
[INFO] Compiling 29 source files to C:\Users\HTC\Desktop\GitKraken\DemoAutoMobile\DemoAutoMobile\target\classes
[INFO] /C:/Users/HTC/Desktop/GitKraken/DemoAutoMobile/DemoAutoMobile/src/main/java/com/aut/demo/util/DriverFactory.java: C:\Users\HTC\Desktop\GitKraken\DemoAutoMobile\DemoAutoMobile\src\main\java\com\aut\demo\util\DriverFactory.java uses unchecked or unsafe operations.
[INFO] /C:/Users/HTC/Desktop/GitKraken/DemoAutoMobile/DemoAutoMobile/src/main/java/com/aut/demo/util/DriverFactory.java: Recompile with -Xlint:unchecked for details.
[INFO] 
[INFO] --- maven-resources-plugin:2.6:testResources (default-testResources) @ DemoAutoMobile ---
[INFO] Using 'UTF-8' encoding to copy filtered resources.
[INFO] Copying 2 resources
[INFO] 
[INFO] --- maven-compiler-plugin:3.6.1:testCompile (default-testCompile) @ DemoAutoMobile ---
[INFO] Changes detected - recompiling the module!
[INFO] Compiling 10 source files to C:\Users\HTC\Desktop\GitKraken\DemoAutoMobile\DemoAutoMobile\target\test-classes
[INFO] 
[INFO] --- maven-surefire-plugin:2.22.1:test (default-test) @ DemoAutoMobile ---
[INFO] ------------------------------------------------------------------------
[INFO] BUILD SUCCESS
[INFO] ------------------------------------------------------------------------
[INFO] Total time:  7.377 s
[INFO] Finished at: 2019-07-30T15:51:17-06:00
[INFO] ------------------------------------------------------------------------
Created Session Succesful
]]></system-out>
    <system-err><![CDATA[jul 30, 2019 3:51:32 PM io.appium.java_client.remote.AppiumCommandExecutor$1 lambda$0
INFORMACIÓN: Detected dialect: W3C
]]></system-err>
  </testcase>
</testsuite>